-------------------------------------------------------------------------------
Test set: TestSuite
-------------------------------------------------------------------------------
Tests run: 2, Failures: 1, Errors: 0, Skipped: 0, Time elapsed: 1.764 sec <<< FAILURE! - in TestSuite
Dummy_test_fail(testmave1.TC02)  Time elapsed: 0.031 sec  <<< FAILURE!
java.lang.AssertionError: expected [2] but found [1]
	at testmave1.TC02.Dummy_test_fail(TC02.java:14)

